# JMH version: 1.23
# VM version: JDK 11.0.7, Java HotSpot(TM) 64-Bit Server VM, 11.0.7+8-LTS
# VM invoker: D:\Develop\Java\jdk-11.0.7\bin\java.exe
# VM options: -javaagent:D:\Develop\tools\intelij\ideaIU-2020.1.win\lib\idea_rt.jar=3289:D:\Develop\tools\intelij\ideaIU-2020.1.win\bin -Dfile.encoding=UTF-8
# Warmup: 2 iterations, 1 s each
# Measurement: 5 iterations, 3 s each
# Timeout: 10 min per iteration
# Threads: 1 thread, will synchronize iterations
# Benchmark mode: Throughput, ops/time
# Benchmark: com.java.apps.basic.collection.S02_Map_TraversePerformance.forEachEntrySet

# Run progress: 0.00% complete, ETA 00:01:59
# Fork: 1 of 1
# Warmup Iteration   1: 0.836 ops/ms
# Warmup Iteration   2: 1.021 ops/ms
Iteration   1: 1.664 ops/ms
Iteration   2: 1.999 ops/ms
Iteration   3: 2.117 ops/ms
Iteration   4: 2.096 ops/ms
Iteration   5: 2.077 ops/ms


Result "com.java.apps.basic.collection.S02_Map_TraversePerformance.forEachEntrySet":
  1.991 ±(99.9%) 0.724 ops/ms [Average]
  (min, avg, max) = (1.664, 1.991, 2.117), stdev = 0.188
  CI (99.9%): [1.266, 2.715] (assumes normal distribution)


# JMH version: 1.23
# VM version: JDK 11.0.7, Java HotSpot(TM) 64-Bit Server VM, 11.0.7+8-LTS
# VM invoker: D:\Develop\Java\jdk-11.0.7\bin\java.exe
# VM options: -javaagent:D:\Develop\tools\intelij\ideaIU-2020.1.win\lib\idea_rt.jar=3289:D:\Develop\tools\intelij\ideaIU-2020.1.win\bin -Dfile.encoding=UTF-8
# Warmup: 2 iterations, 1 s each
# Measurement: 5 iterations, 3 s each
# Timeout: 10 min per iteration
# Threads: 1 thread, will synchronize iterations
# Benchmark mode: Throughput, ops/time
# Benchmark: com.java.apps.basic.collection.S02_Map_TraversePerformance.forEachKeySet

# Run progress: 14.29% complete, ETA 00:01:52
# Fork: 1 of 1
# Warmup Iteration   1: 1.402 ops/ms
# Warmup Iteration   2: 0.923 ops/ms
Iteration   1: 1.261 ops/ms
Iteration   2: 1.903 ops/ms
Iteration   3: 2.013 ops/ms
Iteration   4: 2.075 ops/ms
Iteration   5: 2.090 ops/ms


Result "com.java.apps.basic.collection.S02_Map_TraversePerformance.forEachKeySet":
  1.869 ±(99.9%) 1.338 ops/ms [Average]
  (min, avg, max) = (1.261, 1.869, 2.090), stdev = 0.348
  CI (99.9%): [0.530, 3.207] (assumes normal distribution)


# JMH version: 1.23
# VM version: JDK 11.0.7, Java HotSpot(TM) 64-Bit Server VM, 11.0.7+8-LTS
# VM invoker: D:\Develop\Java\jdk-11.0.7\bin\java.exe
# VM options: -javaagent:D:\Develop\tools\intelij\ideaIU-2020.1.win\lib\idea_rt.jar=3289:D:\Develop\tools\intelij\ideaIU-2020.1.win\bin -Dfile.encoding=UTF-8
# Warmup: 2 iterations, 1 s each
# Measurement: 5 iterations, 3 s each
# Timeout: 10 min per iteration
# Threads: 1 thread, will synchronize iterations
# Benchmark mode: Throughput, ops/time
# Benchmark: com.java.apps.basic.collection.S02_Map_TraversePerformance.iterateEntrySet

# Run progress: 28.57% complete, ETA 00:01:32
# Fork: 1 of 1
# Warmup Iteration   1: 1.552 ops/ms
# Warmup Iteration   2: 1.171 ops/ms
Iteration   1: 1.908 ops/ms
Iteration   2: 1.986 ops/ms
Iteration   3: 2.127 ops/ms
Iteration   4: 1.100 ops/ms
Iteration   5: 1.217 ops/ms


Result "com.java.apps.basic.collection.S02_Map_TraversePerformance.iterateEntrySet":
  1.667 ±(99.9%) 1.822 ops/ms [Average]
  (min, avg, max) = (1.100, 1.667, 2.127), stdev = 0.473
  CI (99.9%): [≈ 0, 3.489] (assumes normal distribution)


# JMH version: 1.23
# VM version: JDK 11.0.7, Java HotSpot(TM) 64-Bit Server VM, 11.0.7+8-LTS
# VM invoker: D:\Develop\Java\jdk-11.0.7\bin\java.exe
# VM options: -javaagent:D:\Develop\tools\intelij\ideaIU-2020.1.win\lib\idea_rt.jar=3289:D:\Develop\tools\intelij\ideaIU-2020.1.win\bin -Dfile.encoding=UTF-8
# Warmup: 2 iterations, 1 s each
# Measurement: 5 iterations, 3 s each
# Timeout: 10 min per iteration
# Threads: 1 thread, will synchronize iterations
# Benchmark mode: Throughput, ops/time
# Benchmark: com.java.apps.basic.collection.S02_Map_TraversePerformance.iterateKeySet

# Run progress: 42.86% complete, ETA 00:01:13
# Fork: 1 of 1
# Warmup Iteration   1: 1.486 ops/ms
# Warmup Iteration   2: 0.584 ops/ms
Iteration   1: 1.858 ops/ms
Iteration   2: 1.995 ops/ms
Iteration   3: 1.943 ops/ms
Iteration   4: 1.771 ops/ms
Iteration   5: 2.281 ops/ms


Result "com.java.apps.basic.collection.S02_Map_TraversePerformance.iterateKeySet":
  1.970 ±(99.9%) 0.747 ops/ms [Average]
  (min, avg, max) = (1.771, 1.970, 2.281), stdev = 0.194
  CI (99.9%): [1.222, 2.717] (assumes normal distribution)


# JMH version: 1.23
# VM version: JDK 11.0.7, Java HotSpot(TM) 64-Bit Server VM, 11.0.7+8-LTS
# VM invoker: D:\Develop\Java\jdk-11.0.7\bin\java.exe
# VM options: -javaagent:D:\Develop\tools\intelij\ideaIU-2020.1.win\lib\idea_rt.jar=3289:D:\Develop\tools\intelij\ideaIU-2020.1.win\bin -Dfile.encoding=UTF-8
# Warmup: 2 iterations, 1 s each
# Measurement: 5 iterations, 3 s each
# Timeout: 10 min per iteration
# Threads: 1 thread, will synchronize iterations
# Benchmark mode: Throughput, ops/time
# Benchmark: com.java.apps.basic.collection.S02_Map_TraversePerformance.lambdaForEach

# Run progress: 57.14% complete, ETA 00:00:55
# Fork: 1 of 1
# Warmup Iteration   1: 1.553 ops/ms
# Warmup Iteration   2: 1.007 ops/ms
Iteration   1: 1.770 ops/ms
Iteration   2: 1.995 ops/ms
Iteration   3: 2.140 ops/ms
Iteration   4: 2.131 ops/ms
Iteration   5: 2.198 ops/ms


Result "com.java.apps.basic.collection.S02_Map_TraversePerformance.lambdaForEach":
  2.047 ±(99.9%) 0.660 ops/ms [Average]
  (min, avg, max) = (1.770, 2.047, 2.198), stdev = 0.171
  CI (99.9%): [1.387, 2.707] (assumes normal distribution)


# JMH version: 1.23
# VM version: JDK 11.0.7, Java HotSpot(TM) 64-Bit Server VM, 11.0.7+8-LTS
# VM invoker: D:\Develop\Java\jdk-11.0.7\bin\java.exe
# VM options: -javaagent:D:\Develop\tools\intelij\ideaIU-2020.1.win\lib\idea_rt.jar=3289:D:\Develop\tools\intelij\ideaIU-2020.1.win\bin -Dfile.encoding=UTF-8
# Warmup: 2 iterations, 1 s each
# Measurement: 5 iterations, 3 s each
# Timeout: 10 min per iteration
# Threads: 1 thread, will synchronize iterations
# Benchmark mode: Throughput, ops/time
# Benchmark: com.java.apps.basic.collection.S02_Map_TraversePerformance.parallelStreamApi

# Run progress: 71.43% complete, ETA 00:00:36
# Fork: 1 of 1
# Warmup Iteration   1: 1.248 ops/ms
# Warmup Iteration   2: 1.327 ops/ms
Iteration   1: 1.491 ops/ms
Iteration   2: 1.898 ops/ms
Iteration   3: 1.960 ops/ms
Iteration   4: 1.898 ops/ms
Iteration   5: 1.902 ops/ms


Result "com.java.apps.basic.collection.S02_Map_TraversePerformance.parallelStreamApi":
  1.830 ±(99.9%) 0.736 ops/ms [Average]
  (min, avg, max) = (1.491, 1.830, 1.960), stdev = 0.191
  CI (99.9%): [1.094, 2.566] (assumes normal distribution)


# JMH version: 1.23
# VM version: JDK 11.0.7, Java HotSpot(TM) 64-Bit Server VM, 11.0.7+8-LTS
# VM invoker: D:\Develop\Java\jdk-11.0.7\bin\java.exe
# VM options: -javaagent:D:\Develop\tools\intelij\ideaIU-2020.1.win\lib\idea_rt.jar=3289:D:\Develop\tools\intelij\ideaIU-2020.1.win\bin -Dfile.encoding=UTF-8
# Warmup: 2 iterations, 1 s each
# Measurement: 5 iterations, 3 s each
# Timeout: 10 min per iteration
# Threads: 1 thread, will synchronize iterations
# Benchmark mode: Throughput, ops/time
# Benchmark: com.java.apps.basic.collection.S02_Map_TraversePerformance.streamApi

# Run progress: 85.71% complete, ETA 00:00:18
# Fork: 1 of 1
# Warmup Iteration   1: 1.758 ops/ms
# Warmup Iteration   2: 1.155 ops/ms
Iteration   1: 1.660 ops/ms
Iteration   2: 2.058 ops/ms
Iteration   3: 2.175 ops/ms
Iteration   4: 2.241 ops/ms
Iteration   5: 2.191 ops/ms


Result "com.java.apps.basic.collection.S02_Map_TraversePerformance.streamApi":
  2.065 ±(99.9%) 0.909 ops/ms [Average]
  (min, avg, max) = (1.660, 2.065, 2.241), stdev = 0.236
  CI (99.9%): [1.156, 2.974] (assumes normal distribution)


# Run complete. Total time: 00:02:07

REMEMBER: The numbers below are just data. To gain reusable insights, you need to follow up on
why the numbers are the way they are. Use profilers (see -prof, -lprof), design factorial
experiments, perform baseline and negative tests that provide experimental control, make sure
the benchmarking environment is safe on JVM/OS/HW level, ask for reviews from the domain experts.
Do not assume the numbers tell you what you want them to tell.

Benchmark                                       Mode  Cnt  Score   Error   Units
S02_Map_TraversePerformance.forEachEntrySet    thrpt    5  1.991 ± 0.724  ops/ms
S02_Map_TraversePerformance.forEachKeySet      thrpt    5  1.869 ± 1.338  ops/ms
S02_Map_TraversePerformance.iterateEntrySet    thrpt    5  1.667 ± 1.822  ops/ms
S02_Map_TraversePerformance.iterateKeySet      thrpt    5  1.970 ± 0.747  ops/ms
S02_Map_TraversePerformance.lambdaForEach      thrpt    5  2.047 ± 0.660  ops/ms
S02_Map_TraversePerformance.parallelStreamApi  thrpt    5  1.830 ± 0.736  ops/ms
S02_Map_TraversePerformance.streamApi          thrpt    5  2.065 ± 0.909  ops/ms
